Build started 01.10.2018 12:56:16.
     1>Project "C:\projects\private\_fwk\fridmon[18-01-2017]\hyperon_1_0_1\hyperon\storage\xml\expat\project\win32\Expat.vcxproj" on node 5 (Rebuild target(s)).
     1>ClCompile:
         C:\Program Files (x86)\Microsoft Visual Studio 12.0\VC\bin\x86_amd64\CL.exe /c /I..\..\include\Expat /Zi /nologo /W3 /WX- /O1 /Ob1 /D NDEBUG /D WIN32 /D _LIB /D COMPILED_FROM_DSP /D XML_STATIC /D _VC80_UPGRADE=0x0600 /D _MBCS /GF /Gm- /EHsc /MT /GS /Gy /fp:precise /Zc:wchar_t /Zc:forScope /Fo".\..\..\Compile\Win32\Release\Expat/" /Fd".\..\..\Compile\Win32\Release\Expat/vc120.pdb" /Gd /TC /errorReport:prompt ..\..\expat\loadlibrary.c ..\..\expat\xmlparse.c ..\..\expat\xmlrole.c ..\..\expat\xmltok.c
         loadlibrary.c
     1>..\..\expat\loadlibrary.c(120): warning C4996: 'strcpy': This function or variable may be unsafe. Consider using strcpy_s instead. To disable deprecation, use _CRT_SECURE_NO_WARNINGS. See online help for details.
                 C:\Program Files (x86)\Microsoft Visual Studio 12.0\VC\include\string.h(112) : see declaration of 'strcpy'
     1>..\..\expat\loadlibrary.c(121): warning C4996: 'strcpy': This function or variable may be unsafe. Consider using strcpy_s instead. To disable deprecation, use _CRT_SECURE_NO_WARNINGS. See online help for details.
                 C:\Program Files (x86)\Microsoft Visual Studio 12.0\VC\include\string.h(112) : see declaration of 'strcpy'
         xmlparse.c
         xmlrole.c
         xmltok.c
         Generating Code...
     1>C:\Program Files (x86)\MSBuild\Microsoft.Cpp\v4.0\V120\Microsoft.CppBuild.targets(1361,5): warning MSB8012: TargetPath(C:\projects\private\_onair@\tsis\src\x64\Release\Expat.lib) does not match the Library's OutputFile property value (C:\projects\private\_fwk\fridmon[18-01-2017]\hyperon_1_0_1\hyperon\storage\xml\expat\lib\Win32\Release\Expat.lib). This may cause your project to build incorrectly. To correct this, please make sure that $(OutDir), $(TargetName) and $(TargetExt) property values match the value specified in %(Lib.OutputFile).
       Lib:
         C:\Program Files (x86)\Microsoft Visual Studio 12.0\VC\bin\x86_amd64\Lib.exe /OUT:".\..\..\lib\Win32\Release\Expat.lib" /NOLOGO /MACHINE:X64 .\..\..\Compile\Win32\Release\Expat/loadlibrary.obj
         .\..\..\Compile\Win32\Release\Expat/xmlparse.obj
         .\..\..\Compile\Win32\Release\Expat/xmlrole.obj
         .\..\..\Compile\Win32\Release\Expat/xmltok.obj
         Expat.vcxproj -> C:\projects\private\_onair@\tsis\src\x64\Release\Expat.lib
     1>Done Building Project "C:\projects\private\_fwk\fridmon[18-01-2017]\hyperon_1_0_1\hyperon\storage\xml\expat\project\win32\Expat.vcxproj" (Rebuild target(s)).

Build succeeded.

Time Elapsed 00:00:04.38
